<?xml version="1.0" encoding="UTF-8"?>
<!-- Generated by org.testng.reporters.JUnitXMLReporter -->
<testsuite ignored="0" hostname="LAPTOP-7A2CJB9O" failures="1" tests="1" name="Test" time="18.043" errors="0" timestamp="27 Jun 2021 10:30:36 GMT">
  <testcase classname="com.qa.TestScript.UnavailableBus" name="unavilablebusses" time="11.7">
    <failure type="java.lang.AssertionError" message="expected [true] but found [false]">
      <![CDATA[java.lang.AssertionError: expected [true] but found [false]
at com.qa.TestScript.UnavailableBus.unavilablebusses(UnavailableBus.java:45)
... Removed 29 stack frames]]>
    </failure>
  </testcase> <!-- unavilablebusses -->
</testsuite> <!-- Test -->
